2025-04-28T20:58:45.131+02:00  INFO 25824 --- [cuc_ta_alliance_manager] [restartedMain] d.a.b.c.CucTaAllainceManagerApplication  : Starting CucTaAllainceManagerApplication using Java 23.0.1 with PID 25824 (C:\Users\Aliak\Desktop\cuc_ta_allaince_manager\target\classes started by Aliak in C:\Users\Aliak\Desktop\cuc_ta_allaince_manager)
2025-04-28T20:58:45.132+02:00  INFO 25824 --- [cuc_ta_alliance_manager] [restartedMain] d.a.b.c.CucTaAllainceManagerApplication  : No active profile set, falling back to 1 default profile: "default"
2025-04-28T20:58:45.164+02:00  INFO 25824 --- [cuc_ta_alliance_manager] [restartedMain] .e.DevToolsPropertyDefaultsPostProcessor : Devtools property defaults active! Set 'spring.devtools.add-properties' to 'false' to disable
2025-04-28T20:58:45.165+02:00  INFO 25824 --- [cuc_ta_alliance_manager] [restartedMain] .e.DevToolsPropertyDefaultsPostProcessor : For additional web related logging consider setting the 'logging.level.web' property to 'DEBUG'
2025-04-28T20:58:45.619+02:00  INFO 25824 --- [cuc_ta_alliance_manager] [restartedMain] o.s.b.w.embedded.tomcat.TomcatWebServer  : Tomcat initialized with port 8080 (http)
2025-04-28T20:58:45.625+02:00  INFO 25824 --- [cuc_ta_alliance_manager] [restartedMain] o.apache.catalina.core.StandardService   : Starting service [Tomcat]
2025-04-28T20:58:45.625+02:00  INFO 25824 --- [cuc_ta_alliance_manager] [restartedMain] o.apache.catalina.core.StandardEngine    : Starting Servlet engine: [Apache Tomcat/10.1.40]
2025-04-28T20:58:45.644+02:00  INFO 25824 --- [cuc_ta_alliance_manager] [restartedMain] o.a.c.c.C.[Tomcat].[localhost].[/]       : Initializing Spring embedded WebApplicationContext
2025-04-28T20:58:45.645+02:00  INFO 25824 --- [cuc_ta_alliance_manager] [restartedMain] w.s.c.ServletWebServerApplicationContext : Root WebApplicationContext: initialization completed in 480 ms
2025-04-28T20:58:45.715+02:00  INFO 25824 --- [cuc_ta_alliance_manager] [restartedMain] d.a.b.c.service.BrainService             : Daten aus JSON-Datei erfolgreich geladen. Einträge: 5
2025-04-28T20:58:45.745+02:00  INFO 25824 --- [cuc_ta_alliance_manager] [restartedMain] o.s.b.a.w.s.WelcomePageHandlerMapping    : Adding welcome page: class path resource [static/index.html]
2025-04-28T20:58:45.876+02:00  INFO 25824 --- [cuc_ta_alliance_manager] [restartedMain] o.s.b.d.a.OptionalLiveReloadServer       : LiveReload server is running on port 35729
2025-04-28T20:58:45.893+02:00  INFO 25824 --- [cuc_ta_alliance_manager] [restartedMain] o.s.b.w.embedded.tomcat.TomcatWebServer  : Tomcat started on port 8080 (http) with context path '/'
2025-04-28T20:58:45.900+02:00  INFO 25824 --- [cuc_ta_alliance_manager] [restartedMain] d.a.b.c.CucTaAllainceManagerApplication  : Started CucTaAllainceManagerApplication in 0.991 seconds (process running for 1.847)
2025-04-28T20:58:45.902+02:00  INFO 25824 --- [cuc_ta_alliance_manager] [scheduling-1] d.a.b.c.service.BrainService             : C:\Users\Aliak\Desktop\cuc_ta_allaince_manager\cc_ta_alliance.json
2025-04-28T20:58:55.480+02:00  INFO 25824 --- [cuc_ta_alliance_manager] [File Watcher] rtingClassPathChangeChangedEventListener : Restarting due to 72 class path changes (0 additions, 72 deletions, 0 modifications)
2025-04-28T20:58:55.483+02:00  INFO 25824 --- [cuc_ta_alliance_manager] [Thread-5] o.s.b.w.e.tomcat.GracefulShutdown        : Commencing graceful shutdown. Waiting for active requests to complete
2025-04-28T20:58:55.488+02:00  INFO 25824 --- [cuc_ta_alliance_manager] [tomcat-shutdown] o.s.b.w.e.tomcat.GracefulShutdown        : Graceful shutdown complete
2025-04-28T20:59:05.290+02:00  INFO 25824 --- [cuc_ta_alliance_manager] [restartedMain] d.a.b.c.CucTaAllainceManagerApplication  : Starting CucTaAllainceManagerApplication using Java 23.0.1 with PID 25824 (C:\Users\Aliak\Desktop\cuc_ta_allaince_manager\target\classes started by Aliak in C:\Users\Aliak\Desktop\cuc_ta_allaince_manager)
2025-04-28T20:59:05.290+02:00  INFO 25824 --- [cuc_ta_alliance_manager] [restartedMain] d.a.b.c.CucTaAllainceManagerApplication  : No active profile set, falling back to 1 default profile: "default"
2025-04-28T20:59:05.404+02:00  INFO 25824 --- [cuc_ta_alliance_manager] [restartedMain] o.s.b.w.embedded.tomcat.TomcatWebServer  : Tomcat initialized with port 8080 (http)
2025-04-28T20:59:05.405+02:00  INFO 25824 --- [cuc_ta_alliance_manager] [restartedMain] o.apache.catalina.core.StandardService   : Starting service [Tomcat]
2025-04-28T20:59:05.405+02:00  INFO 25824 --- [cuc_ta_alliance_manager] [restartedMain] o.apache.catalina.core.StandardEngine    : Starting Servlet engine: [Apache Tomcat/10.1.40]
2025-04-28T20:59:05.414+02:00  INFO 25824 --- [cuc_ta_alliance_manager] [restartedMain] o.a.c.c.C.[Tomcat].[localhost].[/]       : Initializing Spring embedded WebApplicationContext
2025-04-28T20:59:05.414+02:00  INFO 25824 --- [cuc_ta_alliance_manager] [restartedMain] w.s.c.ServletWebServerApplicationContext : Root WebApplicationContext: initialization completed in 122 ms
2025-04-28T20:59:05.431+02:00  WARN 25824 --- [cuc_ta_alliance_manager] [restartedMain] ConfigServletWebServerApplicationContext : Exception encountered during context initialization - cancelling refresh attempt: org.springframework.beans.factory.UnsatisfiedDependencyException: Error creating bean with name 'controller' defined in file [C:\Users\Aliak\Desktop\cuc_ta_allaince_manager\target\classes\de\aktuerk\brothers\cuc_ta_allaince_manager\controller\Controller.class]: Unsatisfied dependency expressed through constructor parameter 0: No qualifying bean of type 'de.aktuerk.brothers.cuc_ta_allaince_manager.service.BrainService' available: expected at least 1 bean which qualifies as autowire candidate. Dependency annotations: {}
2025-04-28T20:59:05.432+02:00  INFO 25824 --- [cuc_ta_alliance_manager] [restartedMain] o.apache.catalina.core.StandardService   : Stopping service [Tomcat]
2025-04-28T20:59:05.435+02:00  INFO 25824 --- [cuc_ta_alliance_manager] [restartedMain] .s.b.a.l.ConditionEvaluationReportLogger : 

Error starting ApplicationContext. To display the condition evaluation report re-run your application with 'debug' enabled.
2025-04-28T20:59:05.451+02:00 ERROR 25824 --- [cuc_ta_alliance_manager] [restartedMain] o.s.b.d.LoggingFailureAnalysisReporter   : 

***************************
APPLICATION FAILED TO START
***************************

Description:

Parameter 0 of constructor in de.aktuerk.brothers.cuc_ta_allaince_manager.controller.Controller required a bean of type 'de.aktuerk.brothers.cuc_ta_allaince_manager.service.BrainService' that could not be found.


Action:

Consider defining a bean of type 'de.aktuerk.brothers.cuc_ta_allaince_manager.service.BrainService' in your configuration.

2025-04-28T20:59:06.902+02:00  INFO 25824 --- [cuc_ta_alliance_manager] [restartedMain] d.a.b.c.CucTaAllainceManagerApplication  : Starting CucTaAllainceManagerApplication using Java 23.0.1 with PID 25824 (C:\Users\Aliak\Desktop\cuc_ta_allaince_manager\target\classes started by Aliak in C:\Users\Aliak\Desktop\cuc_ta_allaince_manager)
2025-04-28T20:59:06.902+02:00  INFO 25824 --- [cuc_ta_alliance_manager] [restartedMain] d.a.b.c.CucTaAllainceManagerApplication  : No active profile set, falling back to 1 default profile: "default"
2025-04-28T20:59:07.013+02:00  INFO 25824 --- [cuc_ta_alliance_manager] [restartedMain] o.s.b.w.embedded.tomcat.TomcatWebServer  : Tomcat initialized with port 8080 (http)
2025-04-28T20:59:07.014+02:00  INFO 25824 --- [cuc_ta_alliance_manager] [restartedMain] o.apache.catalina.core.StandardService   : Starting service [Tomcat]
2025-04-28T20:59:07.014+02:00  INFO 25824 --- [cuc_ta_alliance_manager] [restartedMain] o.apache.catalina.core.StandardEngine    : Starting Servlet engine: [Apache Tomcat/10.1.40]
2025-04-28T20:59:07.022+02:00  INFO 25824 --- [cuc_ta_alliance_manager] [restartedMain] o.a.c.c.C.[Tomcat-1].[localhost].[/]     : Initializing Spring embedded WebApplicationContext
2025-04-28T20:59:07.022+02:00  INFO 25824 --- [cuc_ta_alliance_manager] [restartedMain] w.s.c.ServletWebServerApplicationContext : Root WebApplicationContext: initialization completed in 118 ms
2025-04-28T20:59:07.036+02:00  INFO 25824 --- [cuc_ta_alliance_manager] [restartedMain] d.a.b.c.service.BrainService             : Daten aus JSON-Datei erfolgreich geladen. Einträge: 5
2025-04-28T20:59:07.048+02:00  INFO 25824 --- [cuc_ta_alliance_manager] [restartedMain] o.s.b.a.w.s.WelcomePageHandlerMapping    : Adding welcome page: class path resource [static/index.html]
2025-04-28T20:59:07.075+02:00  INFO 25824 --- [cuc_ta_alliance_manager] [restartedMain] o.s.b.d.a.OptionalLiveReloadServer       : LiveReload server is running on port 35729
2025-04-28T20:59:07.080+02:00  INFO 25824 --- [cuc_ta_alliance_manager] [restartedMain] o.s.b.w.embedded.tomcat.TomcatWebServer  : Tomcat started on port 8080 (http) with context path '/'
2025-04-28T20:59:07.081+02:00  INFO 25824 --- [cuc_ta_alliance_manager] [scheduling-1] d.a.b.c.service.BrainService             : C:\Users\Aliak\Desktop\cuc_ta_allaince_manager\cc_ta_alliance.json
2025-04-28T20:59:07.082+02:00  INFO 25824 --- [cuc_ta_alliance_manager] [restartedMain] d.a.b.c.CucTaAllainceManagerApplication  : Started CucTaAllainceManagerApplication in 0.194 seconds (process running for 23.03)
2025-04-28T20:59:07.082+02:00  INFO 25824 --- [cuc_ta_alliance_manager] [restartedMain] .ConditionEvaluationDeltaLoggingListener : Condition evaluation unchanged
2025-04-28T20:59:20.772+02:00  INFO 25824 --- [cuc_ta_alliance_manager] [File Watcher] rtingClassPathChangeChangedEventListener : Restarting due to 17 class path changes (0 additions, 0 deletions, 17 modifications)
2025-04-28T20:59:20.773+02:00  INFO 25824 --- [cuc_ta_alliance_manager] [Thread-11] o.s.b.w.e.tomcat.GracefulShutdown        : Commencing graceful shutdown. Waiting for active requests to complete
2025-04-28T20:59:20.776+02:00  INFO 25824 --- [cuc_ta_alliance_manager] [tomcat-shutdown] o.s.b.w.e.tomcat.GracefulShutdown        : Graceful shutdown complete
2025-04-28T20:59:20.860+02:00  INFO 25824 --- [cuc_ta_alliance_manager] [restartedMain] d.a.b.c.CucTaAllainceManagerApplication  : Starting CucTaAllainceManagerApplication using Java 23.0.1 with PID 25824 (C:\Users\Aliak\Desktop\cuc_ta_allaince_manager\target\classes started by Aliak in C:\Users\Aliak\Desktop\cuc_ta_allaince_manager)
2025-04-28T20:59:20.860+02:00  INFO 25824 --- [cuc_ta_alliance_manager] [restartedMain] d.a.b.c.CucTaAllainceManagerApplication  : No active profile set, falling back to 1 default profile: "default"
2025-04-28T20:59:21.003+02:00  INFO 25824 --- [cuc_ta_alliance_manager] [restartedMain] o.s.b.w.embedded.tomcat.TomcatWebServer  : Tomcat initialized with port 8080 (http)
2025-04-28T20:59:21.003+02:00  INFO 25824 --- [cuc_ta_alliance_manager] [restartedMain] o.apache.catalina.core.StandardService   : Starting service [Tomcat]
2025-04-28T20:59:21.003+02:00  INFO 25824 --- [cuc_ta_alliance_manager] [restartedMain] o.apache.catalina.core.StandardEngine    : Starting Servlet engine: [Apache Tomcat/10.1.40]
2025-04-28T20:59:21.011+02:00  INFO 25824 --- [cuc_ta_alliance_manager] [restartedMain] o.a.c.c.C.[Tomcat-1].[localhost].[/]     : Initializing Spring embedded WebApplicationContext
2025-04-28T20:59:21.011+02:00  INFO 25824 --- [cuc_ta_alliance_manager] [restartedMain] w.s.c.ServletWebServerApplicationContext : Root WebApplicationContext: initialization completed in 149 ms
2025-04-28T20:59:21.024+02:00  INFO 25824 --- [cuc_ta_alliance_manager] [restartedMain] d.a.b.c.service.BrainService             : Daten aus JSON-Datei erfolgreich geladen. Einträge: 5
2025-04-28T20:59:21.033+02:00  INFO 25824 --- [cuc_ta_alliance_manager] [restartedMain] o.s.b.a.w.s.WelcomePageHandlerMapping    : Adding welcome page: class path resource [static/index.html]
2025-04-28T20:59:21.055+02:00  INFO 25824 --- [cuc_ta_alliance_manager] [restartedMain] o.s.b.d.a.OptionalLiveReloadServer       : LiveReload server is running on port 35729
2025-04-28T20:59:21.077+02:00  INFO 25824 --- [cuc_ta_alliance_manager] [restartedMain] o.s.b.w.embedded.tomcat.TomcatWebServer  : Tomcat started on port 8080 (http) with context path '/'
2025-04-28T20:59:21.079+02:00  INFO 25824 --- [cuc_ta_alliance_manager] [scheduling-1] d.a.b.c.service.BrainService             : C:\Users\Aliak\Desktop\cuc_ta_allaince_manager\cc_ta_alliance.json
2025-04-28T20:59:21.079+02:00  INFO 25824 --- [cuc_ta_alliance_manager] [restartedMain] d.a.b.c.CucTaAllainceManagerApplication  : Started CucTaAllainceManagerApplication in 0.241 seconds (process running for 37.026)
2025-04-28T20:59:21.079+02:00  INFO 25824 --- [cuc_ta_alliance_manager] [restartedMain] .ConditionEvaluationDeltaLoggingListener : Condition evaluation unchanged
2025-04-28T20:59:31.743+02:00  INFO 25824 --- [cuc_ta_alliance_manager] [File Watcher] rtingClassPathChangeChangedEventListener : Restarting due to 72 class path changes (0 additions, 72 deletions, 0 modifications)
2025-04-28T20:59:31.744+02:00  INFO 25824 --- [cuc_ta_alliance_manager] [Thread-18] o.s.b.w.e.tomcat.GracefulShutdown        : Commencing graceful shutdown. Waiting for active requests to complete
2025-04-28T20:59:31.749+02:00  INFO 25824 --- [cuc_ta_alliance_manager] [tomcat-shutdown] o.s.b.w.e.tomcat.GracefulShutdown        : Graceful shutdown complete
